"../../../../../../Users/andre/Perforce/Andrew.Boulanger_homePC/Andrew.Boulanger/QBert/Content/sounds/winTune.uasset" 0
"../../../../../../Users/andre/Perforce/Andrew.Boulanger_homePC/Andrew.Boulanger/QBert/Content/sprites/letters/q-bert-original.uasset" 1
"../../../../../../Users/andre/Perforce/Andrew.Boulanger_homePC/Andrew.Boulanger/QBert/Content/sprites/letters/q-bert-original_Font.uasset" 2
"../../../../../../Users/andre/Perforce/Andrew.Boulanger_homePC/Andrew.Boulanger/QBert/Content/blueprints/myButtonWidget.uasset" 3
"../../../../../../Users/andre/Perforce/Andrew.Boulanger_homePC/Andrew.Boulanger/QBert/Content/blueprints/myButton.uasset" 4
"../../../../../../Users/andre/Perforce/Andrew.Boulanger_homePC/Andrew.Boulanger/QBert/Content/blueprints/Score.uasset" 5
"../../../Engine/Content/EditorBlueprintResources/StandardMacros.uasset" 6
"../../../../../../Users/andre/Perforce/Andrew.Boulanger_homePC/Andrew.Boulanger/QBert/Content/blueprints/BP_saveGame.uasset" 7
"../../../../../../Users/andre/Perforce/Andrew.Boulanger_homePC/Andrew.Boulanger/QBert/Content/blueprints/SetHighScore_Widget.uasset" 8
"../../../../../../Users/andre/Perforce/Andrew.Boulanger_homePC/Andrew.Boulanger/QBert/Content/sprites/Arcade_-_QBert_-_General_Sprites_Sprite.uasset" 9
"../../../../../../Users/andre/Perforce/Andrew.Boulanger_homePC/Andrew.Boulanger/QBert/Content/sprites/Arcade_-_QBert_-_General_Sprites_Sprite_6.uasset" 10
"../../../../../../Users/andre/Perforce/Andrew.Boulanger_homePC/Andrew.Boulanger/QBert/Content/sprites/Arcade_-_QBert_-_General_Sprites_Sprite_5.uasset" 11
"../../../../../../Users/andre/Perforce/Andrew.Boulanger_homePC/Andrew.Boulanger/QBert/Content/sprites/Arcade_-_QBert_-_General_Sprites_Sprite_4.uasset" 12
"../../../../../../Users/andre/Perforce/Andrew.Boulanger_homePC/Andrew.Boulanger/QBert/Content/sprites/Arcade_-_QBert_-_General_Sprites_Sprite_3.uasset" 13
"../../../../../../Users/andre/Perforce/Andrew.Boulanger_homePC/Andrew.Boulanger/QBert/Content/sprites/Arcade_-_QBert_-_General_Sprites_Sprite_2.uasset" 14
"../../../../../../Users/andre/Perforce/Andrew.Boulanger_homePC/Andrew.Boulanger/QBert/Content/sprites/Arcade_-_QBert_-_General_Sprites_Sprite_1.uasset" 15
"../../../../../../Users/andre/Perforce/Andrew.Boulanger_homePC/Andrew.Boulanger/QBert/Content/sprites/Arcade_-_QBert_-_General_Sprites_Sprite_0.uasset" 16
"../../../../../../Users/andre/Perforce/Andrew.Boulanger_homePC/Andrew.Boulanger/QBert/Content/sprites/Arcade_-_QBert_-_General_Sprites_Sprite_7.uasset" 17
"../../../../../../Users/andre/Perforce/Andrew.Boulanger_homePC/Andrew.Boulanger/QBert/Content/sprites/QBert_sprites.uasset" 18
"../../../../../../Users/andre/Perforce/Andrew.Boulanger_homePC/Andrew.Boulanger/QBert/Content/sprites/leftJump.uasset" 19
"../../../../../../Users/andre/Perforce/Andrew.Boulanger_homePC/Andrew.Boulanger/QBert/Content/sprites/JumpUpRight.uasset" 20
"../../../../../../Users/andre/Perforce/Andrew.Boulanger_homePC/Andrew.Boulanger/QBert/Content/sprites/JumpUpLeft.uasset" 21
"../../../../../../Users/andre/Perforce/Andrew.Boulanger_homePC/Andrew.Boulanger/QBert/Content/sprites/JumpRight.uasset" 22
"../../../../../../Users/andre/Perforce/Andrew.Boulanger_homePC/Andrew.Boulanger/QBert/Content/sounds/timeFreezeSound.uasset" 23
"../../../../../../Users/andre/Perforce/Andrew.Boulanger_homePC/Andrew.Boulanger/QBert/Content/sounds/swearSound.uasset" 24
"../../../../../../Users/andre/Perforce/Andrew.Boulanger_homePC/Andrew.Boulanger/QBert/Content/sounds/QbertJump.uasset" 25
"../../../../../../Users/andre/Perforce/Andrew.Boulanger_homePC/Andrew.Boulanger/QBert/Content/sounds/QbertFall.uasset" 26
"../../../../../../Users/andre/Perforce/Andrew.Boulanger_homePC/Andrew.Boulanger/QBert/Content/sprites/Arcade_-_QBert_-_General_Sprites_Sprite_Sprite_1.uasset" 27
"../../../../../../Users/andre/Perforce/Andrew.Boulanger_homePC/Andrew.Boulanger/QBert/Content/blueprints/BP_swear.uasset" 28
"../../../../../../Users/andre/Perforce/Andrew.Boulanger_homePC/Andrew.Boulanger/QBert/Content/sprites/Arcade_-_QBert_-_General_Sprites_Sprite_48.uasset" 29
"../../../../../../Users/andre/Perforce/Andrew.Boulanger_homePC/Andrew.Boulanger/QBert/Content/sprites/Arcade_-_QBert_-_General_Sprites_Sprite_47.uasset" 30
"../../../../../../Users/andre/Perforce/Andrew.Boulanger_homePC/Andrew.Boulanger/QBert/Content/sprites/Greenball_Sprites.uasset" 31
"../../../../../../Users/andre/Perforce/Andrew.Boulanger_homePC/Andrew.Boulanger/QBert/Content/sprites/Arcade_-_QBert_-_General_Sprites_Sprite_46.uasset" 32
"../../../../../../Users/andre/Perforce/Andrew.Boulanger_homePC/Andrew.Boulanger/QBert/Content/sprites/Arcade_-_QBert_-_General_Sprites_Sprite_45.uasset" 33
"../../../../../../Users/andre/Perforce/Andrew.Boulanger_homePC/Andrew.Boulanger/QBert/Content/sprites/RedBall_sprites.uasset" 34
"../../../../../../Users/andre/Perforce/Andrew.Boulanger_homePC/Andrew.Boulanger/QBert/Content/sounds/BallJump.uasset" 35
"../../../../../../Users/andre/Perforce/Andrew.Boulanger_homePC/Andrew.Boulanger/QBert/Content/blueprints/DownRightCurve.uasset" 36
"../../../../../../Users/andre/Perforce/Andrew.Boulanger_homePC/Andrew.Boulanger/QBert/Content/blueprints/DownLeftCurve.uasset" 37
"../../../../../../Users/andre/Perforce/Andrew.Boulanger_homePC/Andrew.Boulanger/QBert/Content/blueprints/BP_BaseEnemy.uasset" 38
"../../../../../../Users/andre/Perforce/Andrew.Boulanger_homePC/Andrew.Boulanger/QBert/Content/blueprints/BP_GreenBlob.uasset" 39
"../../../../../../Users/andre/Perforce/Andrew.Boulanger_homePC/Andrew.Boulanger/QBert/Content/sprites/Arcade_-_QBert_-_General_Sprites_Sprite_50.uasset" 40
"../../../../../../Users/andre/Perforce/Andrew.Boulanger_homePC/Andrew.Boulanger/QBert/Content/sprites/Arcade_-_QBert_-_General_Sprites_Sprite_49.uasset" 41
"../../../../../../Users/andre/Perforce/Andrew.Boulanger_homePC/Andrew.Boulanger/QBert/Content/sprites/CurlyEgg_Sprite.uasset" 42
"../../../../../../Users/andre/Perforce/Andrew.Boulanger_homePC/Andrew.Boulanger/QBert/Content/sprites/worm1.uasset" 43
"../../../../../../Users/andre/Perforce/Andrew.Boulanger_homePC/Andrew.Boulanger/QBert/Content/sprites/worm0.uasset" 44
"../../../../../../Users/andre/Perforce/Andrew.Boulanger_homePC/Andrew.Boulanger/QBert/Content/sprites/worm_UpRight.uasset" 45
"../../../../../../Users/andre/Perforce/Andrew.Boulanger_homePC/Andrew.Boulanger/QBert/Content/sprites/worm3.uasset" 46
"../../../../../../Users/andre/Perforce/Andrew.Boulanger_homePC/Andrew.Boulanger/QBert/Content/sprites/worm2.uasset" 47
"../../../../../../Users/andre/Perforce/Andrew.Boulanger_homePC/Andrew.Boulanger/QBert/Content/sprites/worm_UpLeft.uasset" 48
"../../../../../../Users/andre/Perforce/Andrew.Boulanger_homePC/Andrew.Boulanger/QBert/Content/sprites/worm5.uasset" 49
"../../../../../../Users/andre/Perforce/Andrew.Boulanger_homePC/Andrew.Boulanger/QBert/Content/sprites/worm4.uasset" 50
"../../../../../../Users/andre/Perforce/Andrew.Boulanger_homePC/Andrew.Boulanger/QBert/Content/sprites/worm_right.uasset" 51
"../../../../../../Users/andre/Perforce/Andrew.Boulanger_homePC/Andrew.Boulanger/QBert/Content/sprites/worm7.uasset" 52
"../../../../../../Users/andre/Perforce/Andrew.Boulanger_homePC/Andrew.Boulanger/QBert/Content/sprites/worm6.uasset" 53
"../../../../../../Users/andre/Perforce/Andrew.Boulanger_homePC/Andrew.Boulanger/QBert/Content/sprites/worm_Left.uasset" 54
"../../../../../../Users/andre/Perforce/Andrew.Boulanger_homePC/Andrew.Boulanger/QBert/Content/sounds/CoilyJump.uasset" 55
"../../../../../../Users/andre/Perforce/Andrew.Boulanger_homePC/Andrew.Boulanger/QBert/Content/sounds/CoilyFall.uasset" 56
"../../../../../../Users/andre/Perforce/Andrew.Boulanger_homePC/Andrew.Boulanger/QBert/Content/blueprints/UpRightCurve.uasset" 57
"../../../../../../Users/andre/Perforce/Andrew.Boulanger_homePC/Andrew.Boulanger/QBert/Content/blueprints/UpLeftCurve.uasset" 58
"../../../../../../Users/andre/Perforce/Andrew.Boulanger_homePC/Andrew.Boulanger/QBert/Content/blueprints/BP_EnemySpawner.uasset" 59
"../../../../../../Users/andre/Perforce/Andrew.Boulanger_homePC/Andrew.Boulanger/QBert/Content/blueprints/BP_Coily.uasset" 60
"../../../Engine/Content/EngineMaterials/T_Default_Material_Grid_N.uasset" 61
"../../../Engine/Content/EngineMaterials/T_Default_Material_Grid_M.uasset" 62
"../../../Engine/Content/Functions/Engine_MaterialFunctions01/Opacity/CameraDepthFade.uasset" 63
"../../../Engine/Content/EngineMaterials/WorldGridMaterial.uasset" 64
"../../../Engine/Content/BasicShapes/Plane.uasset" 65
"../../../Engine/Content/BasicShapes/Cube.uasset" 66
"../../../../../../Users/andre/Perforce/Andrew.Boulanger_homePC/Andrew.Boulanger/QBert/Content/material/top2.uasset" 67
"../../../../../../Users/andre/Perforce/Andrew.Boulanger_homePC/Andrew.Boulanger/QBert/Content/material/top1.uasset" 68
"../../../../../../Users/andre/Perforce/Andrew.Boulanger_homePC/Andrew.Boulanger/QBert/Content/material/block.uasset" 69
"../../../../../../Users/andre/Perforce/Andrew.Boulanger_homePC/Andrew.Boulanger/QBert/Content/blueprints/Cube_Blueprint.uasset" 70
"../../../../../../Users/andre/Perforce/Andrew.Boulanger_homePC/Andrew.Boulanger/QBert/Content/blueprints/BP_CoilyEgg.uasset" 71
"../../../../../../Users/andre/Perforce/Andrew.Boulanger_homePC/Andrew.Boulanger/QBert/Content/blueprints/BP_playerPawn.uasset" 72
"../../../../../../Users/andre/Perforce/Andrew.Boulanger_homePC/Andrew.Boulanger/QBert/Content/sprites/UI_PurplePlayer5.uasset" 73
"../../../../../../Users/andre/Perforce/Andrew.Boulanger_homePC/Andrew.Boulanger/QBert/Content/sprites/UI_PurplePlayer4.uasset" 74
"../../../../../../Users/andre/Perforce/Andrew.Boulanger_homePC/Andrew.Boulanger/QBert/Content/sprites/UI_PurplePlayer3.uasset" 75
"../../../../../../Users/andre/Perforce/Andrew.Boulanger_homePC/Andrew.Boulanger/QBert/Content/sprites/UI_PurplePlayer1.uasset" 76
"../../../../../../Users/andre/Perforce/Andrew.Boulanger_homePC/Andrew.Boulanger/QBert/Content/sprites/UI_PurplePlayer.uasset" 77
"../../../../../../Users/andre/Perforce/Andrew.Boulanger_homePC/Andrew.Boulanger/QBert/Content/sprites/UI_Change.uasset" 78
"../../../../../../Users/andre/Perforce/Andrew.Boulanger_homePC/Andrew.Boulanger/QBert/Content/sprites/Lives_sprite.uasset" 79
"../../../../../../Users/andre/Perforce/Andrew.Boulanger_homePC/Andrew.Boulanger/QBert/Content/sprites/Arcade_-_QBert_-_General_Sprites_UI_PlayerNumber_0.uasset" 80
"../../../../../../Users/andre/Perforce/Andrew.Boulanger_homePC/Andrew.Boulanger/QBert/Content/sprites/Arcade_-_QBert_-_General_Sprites_UI_Level_0.uasset" 81
"../../../../../../Users/andre/Perforce/Andrew.Boulanger_homePC/Andrew.Boulanger/QBert/Content/sprites/Arcade_-_QBert_-_General_Sprites_tile_Sprite_0.uasset" 82
"../../../../../../Users/andre/Perforce/Andrew.Boulanger_homePC/Andrew.Boulanger/QBert/Content/sprites/Arcade_-_QBert_-_General_Sprites_Sprite_Chars_1.uasset" 83
"../../../../../../Users/andre/Perforce/Andrew.Boulanger_homePC/Andrew.Boulanger/QBert/Content/sprites/Arcade_-_QBert_-_General_Sprites_Round_Sprite0.uasset" 84
"../../../../../../Users/andre/Perforce/Andrew.Boulanger_homePC/Andrew.Boulanger/QBert/Content/sprites/Arcade_-_QBert_-_General_Sprites_arrow_sprites_1.uasset" 85
"../../../../../../Users/andre/Perforce/Andrew.Boulanger_homePC/Andrew.Boulanger/QBert/Content/sprites/Arcade_-_QBert_-_General_Sprites_arrow_sprites_0.uasset" 86
"../../../../../../Users/andre/Perforce/Andrew.Boulanger_homePC/Andrew.Boulanger/QBert/Content/blueprints/UI_widget.uasset" 87
"../../../../../../Users/andre/Perforce/Andrew.Boulanger_homePC/Andrew.Boulanger/QBert/Content/blueprints/BP_QBertGameMode.uasset" 88
"../../../../../../Users/andre/Perforce/Andrew.Boulanger_homePC/Andrew.Boulanger/QBert/Content/BP_QBertGameMode.uasset" 89
"../../../../../../Users/andre/Perforce/Andrew.Boulanger_homePC/Andrew.Boulanger/QBert/Content/Cube_Blueprint.uasset" 90
"../../../../../../Users/andre/Perforce/Andrew.Boulanger_homePC/Andrew.Boulanger/QBert/Content/UI_widget.uasset" 91
"../../../../../../Users/andre/Perforce/Andrew.Boulanger_homePC/Andrew.Boulanger/QBert/Content/sprites/Arcade_-_QBert_-_General_Sprites_Sprite_994.uasset" 92
"../../../../../../Users/andre/Perforce/Andrew.Boulanger_homePC/Andrew.Boulanger/QBert/Content/sprites/Arcade_-_QBert_-_General_Sprites_Sprite_993.uasset" 93
"../../../../../../Users/andre/Perforce/Andrew.Boulanger_homePC/Andrew.Boulanger/QBert/Content/sprites/Arcade_-_QBert_-_General_Sprites_Sprite_992.uasset" 94
"../../../../../../Users/andre/Perforce/Andrew.Boulanger_homePC/Andrew.Boulanger/QBert/Content/sprites/Arcade_-_QBert_-_General_Sprites_Sprite_991.uasset" 95
"../../../../../../Users/andre/Perforce/Andrew.Boulanger_homePC/Andrew.Boulanger/QBert/Content/sprites/Arcade_-_QBert_-_General_Sprites_Sprite_990.uasset" 96
"../../../../../../Users/andre/Perforce/Andrew.Boulanger_homePC/Andrew.Boulanger/QBert/Content/sprites/Arcade_-_QBert_-_General_Sprites.uasset" 97
"../../../../../../Users/andre/Perforce/Andrew.Boulanger_homePC/Andrew.Boulanger/QBert/Content/sprites/Arcade_-_QBert_-_General_Sprites_Sprite_30.uasset" 98
"../../../../../../Users/andre/Perforce/Andrew.Boulanger_homePC/Andrew.Boulanger/QBert/Content/sprites/Arcade_-_QBert_-_General_Sprites_Sprite_40.uasset" 99
"../../../../../../Users/andre/Perforce/Andrew.Boulanger_homePC/Andrew.Boulanger/QBert/Content/sprites/Arcade_-_QBert_-_General_Sprites_Sprite_Chars_0.uasset" 100
"../../../../../../Users/andre/Perforce/Andrew.Boulanger_homePC/Andrew.Boulanger/QBert/Content/sprites/Arcade_-_QBert_-_General_Sprites_Sprite_Chars_2.uasset" 101
"../../../../../../Users/andre/Perforce/Andrew.Boulanger_homePC/Andrew.Boulanger/QBert/Content/sprites/Arcade_-_QBert_-_General_Sprites_Sprite_Chars_3.uasset" 102
"../../../../../../Users/andre/Perforce/Andrew.Boulanger_homePC/Andrew.Boulanger/QBert/Content/sprites/Arcade_-_QBert_-_General_Sprites_Sprite_Chars_4.uasset" 103
"../../../../../../Users/andre/Perforce/Andrew.Boulanger_homePC/Andrew.Boulanger/QBert/Content/sprites/Arcade_-_QBert_-_General_Sprites_Sprite_Chars_5.uasset" 104
"../../../../../../Users/andre/Perforce/Andrew.Boulanger_homePC/Andrew.Boulanger/QBert/Content/sprites/Arcade_-_QBert_-_General_Sprites_Sprite_Chars_6.uasset" 105
"../../../../../../Users/andre/Perforce/Andrew.Boulanger_homePC/Andrew.Boulanger/QBert/Content/sprites/Arcade_-_QBert_-_General_Sprites_Sprite_Chars_62.uasset" 106
"../../../../../../Users/andre/Perforce/Andrew.Boulanger_homePC/Andrew.Boulanger/QBert/Content/sprites/Arcade_-_QBert_-_General_Sprites_Sprite_Chars_63.uasset" 107
"../../../../../../Users/andre/Perforce/Andrew.Boulanger_homePC/Andrew.Boulanger/QBert/Content/sprites/Arcade_-_QBert_-_General_Sprites_Sprite_Chars_64.uasset" 108
"../../../../../../Users/andre/Perforce/Andrew.Boulanger_homePC/Andrew.Boulanger/QBert/Content/sprites/Arcade_-_QBert_-_General_Sprites_Sprite_Chars_65.uasset" 109
"../../../../../../Users/andre/Perforce/Andrew.Boulanger_homePC/Andrew.Boulanger/QBert/Content/sprites/Arcade_-_QBert_-_General_Sprites_Sprite_Chars_66.uasset" 110
"../../../../../../Users/andre/Perforce/Andrew.Boulanger_homePC/Andrew.Boulanger/QBert/Content/sprites/Arcade_-_QBert_-_General_Sprites_Sprite_Chars_67.uasset" 111
"../../../../../../Users/andre/Perforce/Andrew.Boulanger_homePC/Andrew.Boulanger/QBert/Content/sprites/Arcade_-_QBert_-_General_Sprites_Sprite_Chars_68.uasset" 112
"../../../../../../Users/andre/Perforce/Andrew.Boulanger_homePC/Andrew.Boulanger/QBert/Content/sprites/Arcade_-_QBert_-_General_Sprites_Sprite_Chars_69.uasset" 113
"../../../../../../Users/andre/Perforce/Andrew.Boulanger_homePC/Andrew.Boulanger/QBert/Content/sprites/Arcade_-_QBert_-_General_Sprites_Sprite_Chars_7.uasset" 114
"../../../../../../Users/andre/Perforce/Andrew.Boulanger_homePC/Andrew.Boulanger/QBert/Content/sprites/Arcade_-_QBert_-_General_Sprites_Sprite_Chars_70.uasset" 115
"../../../../../../Users/andre/Perforce/Andrew.Boulanger_homePC/Andrew.Boulanger/QBert/Content/sprites/Arcade_-_QBert_-_General_Sprites_Sprite_Chars_71.uasset" 116
"../../../../../../Users/andre/Perforce/Andrew.Boulanger_homePC/Andrew.Boulanger/QBert/Content/sprites/Arcade_-_QBert_-_General_Sprites_Sprite_Chars_8.uasset" 117
"../../../../../../Users/andre/Perforce/Andrew.Boulanger_homePC/Andrew.Boulanger/QBert/Content/sprites/Arcade_-_QBert_-_General_Sprites_Sprite_Chars_9.uasset" 118
"../../../../../../Users/andre/Perforce/Andrew.Boulanger_homePC/Andrew.Boulanger/QBert/Content/sprites/Arcade_-_QBert_-_General_Sprites_UI_PlayerNumber_1.uasset" 119
"../../../../../../Users/andre/Perforce/Andrew.Boulanger_homePC/Andrew.Boulanger/QBert/Content/sprites/UI_PurplePlayer2.uasset" 120
"../../../../../../Users/andre/Perforce/Andrew.Boulanger_homePC/Andrew.Boulanger/QBert/Content/sprites/UI_Round.uasset" 121
"../../../../../../Users/andre/Perforce/Andrew.Boulanger_homePC/Andrew.Boulanger/QBert/Content/sprites/Worm_Sprite.uasset" 122
"../../../Engine/Content/ArtTools/RenderToTexture/Meshes/S_1_Unit_Plane.uasset" 123
"../../../Engine/Content/EngineMaterials/DefaultMaterial.uasset" 124
"../../../Engine/Content/BasicShapes/Cone.uasset" 125
"../../../Engine/Content/BasicShapes/Sphere.uasset" 126
"../../../Engine/Content/EditorLandscapeResources/DataLayer.uasset" 127
"../../../Engine/Content/EditorLandscapeResources/DefaultAlphaTexture.uasset" 128
"../../../Engine/Content/EditorMaterials/MAT_Groups_Toggle.uasset" 129
"../../../Engine/Content/EditorMaterials/MAT_Groups_Visibility.uasset" 130
"../../../Engine/Content/EditorMaterials/PreviewShadowIndicator.uasset" 131
"../../../Engine/Content/EditorMaterials/PreviewShadowIndicatorMaterial.uasset" 132
"../../../Engine/Content/EditorMaterials/MatineeGroups/MAT_ColorTrack.uasset" 133
"../../../Engine/Content/EditorMaterials/MatineeGroups/MAT_Groups_Anim.uasset" 134
"../../../Engine/Content/EditorMaterials/MatineeGroups/MAT_Groups_AudioMaster.uasset" 135
"../../../Engine/Content/EditorMaterials/MatineeGroups/MAT_Groups_Director.uasset" 136
"../../../Engine/Content/EditorMaterials/MatineeGroups/MAT_Groups_Event.uasset" 137
"../../../Engine/Content/EditorMaterials/MatineeGroups/MAT_Groups_Fade.uasset" 138
"../../../Engine/Content/EditorMaterials/MatineeGroups/MAT_Groups_Float.uasset" 139
"../../../Engine/Content/EditorMaterials/MatineeGroups/MAT_Groups_Move.uasset" 140
"../../../Engine/Content/EditorMaterials/MatineeGroups/MAT_Groups_Slomo.uasset" 141
"../../../Engine/Content/EditorMaterials/MatineeGroups/MAT_Groups_Sound.uasset" 142
"../../../Engine/Content/EditorMaterials/MatineeGroups/MAT_Groups_Vector.uasset" 143
"../../../Engine/Content/EditorMaterials/ParticleSystems/PSysThumbnail_NoImage.uasset" 144
"../../../Engine/Content/EditorMaterials/ParticleSystems/PSysThumbnail_OOD.uasset" 145
"../../../Engine/Content/EditorMaterials/Camera/CineMat.uasset" 146
"../../../Engine/Content/EditorMaterials/Camera/MI_CineMat_Rig.uasset" 147
"../../../Engine/Content/EditorMeshes/Camera/SM_CraneRig_Arm.uasset" 148
"../../../Engine/Content/EditorMeshes/Camera/SM_CraneRig_Base.uasset" 149
"../../../Engine/Content/EditorMeshes/Camera/SM_CraneRig_Body.uasset" 150
"../../../Engine/Content/EditorMeshes/Camera/SM_CraneRig_Mount.uasset" 151
"../../../Engine/Content/EditorMeshes/Camera/SM_RailRig_Mount.uasset" 152
"../../../Engine/Content/EditorMeshes/Camera/SM_RailRig_Track.uasset" 153
"../../../Engine/Content/EditorResources/BSPVertex.uasset" 154
"../../../Engine/Content/EditorResources/EmptyActor.uasset" 155
"../../../Engine/Content/EditorResources/S_Actor.uasset" 156
"../../../Engine/Content/EditorResources/S_Note.uasset" 157
"../../../Engine/Content/EditorResources/S_Solver.uasset" 158
"../../../Engine/Content/EditorResources/S_Terrain.uasset" 159
"../../../Engine/Content/EditorResources/S_Trigger.uasset" 160
"../../../Engine/Content/EditorResources/AudioIcons/S_AudioComponent.uasset" 161
"../../../Engine/Content/EditorResources/AudioIcons/S_AudioComponent_AutoActivate.uasset" 162
"../../../Engine/Content/EditorResources/LightIcons/S_LightError.uasset" 163
"../../../Engine/Content/EditorResources/SequenceRecorder/Countdown.uasset" 164
"../../../Engine/Content/EditorResources/SequenceRecorder/RecordingIndicator.uasset" 165
"../../../Engine/Content/EngineDamageTypes/DmgTypeBP_Environmental.uasset" 166
"../../../Engine/Content/EngineDebugMaterials/DebugEditorMaterial.uasset" 167
"../../../Engine/Content/EngineDebugMaterials/DebugMeshMaterial.uasset" 168
"../../../Engine/Content/EngineDebugMaterials/M_SimpleUnlitTranslucent.uasset" 169
"../../../Engine/Content/Functions/Engine_MaterialFunctions02/Utility/CameraDirectionVector.uasset" 170
"../../../Engine/Content/EngineDebugMaterials/VolumeToRender.uasset" 171
"../../../Engine/Content/EngineDebugMaterials/M_VolumeRenderSphereTracePP.uasset" 172
"../../../Engine/Content/Functions/Engine_MaterialFunctions01/Shading/ConvertFromDiffSpec.uasset" 173
"../../../Engine/Content/EngineDebugMaterials/VertexColorMaterial.uasset" 174
"../../../Engine/Content/EngineDebugMaterials/WireframeMaterial.uasset" 175
"../../../Engine/Content/EngineFonts/Faces/RobotoRegular.uasset" 176
"../../../Engine/Content/EngineFonts/Faces/RobotoLight.uasset" 177
"../../../Engine/Content/EngineFonts/Faces/RobotoItalic.uasset" 178
"../../../Engine/Content/EngineFonts/Faces/RobotoBoldItalic.uasset" 179
"../../../Engine/Content/EngineFonts/Faces/RobotoBold.uasset" 180
"../../../Engine/Content/EngineFonts/Faces/DroidSansFallback.uasset" 181
"../../../Engine/Content/EngineFonts/Roboto.uasset" 182
"../../../Engine/Content/EngineMaterials/BaseFlattenNormalMap.uasset" 183
"../../../Engine/Content/EngineMaterials/BaseFlattenGrayscaleMap.uasset" 184
"../../../Engine/Content/EngineMaterials/BaseFlattenEmissiveMap.uasset" 185
"../../../Engine/Content/EngineMaterials/BaseFlattenDiffuseMap.uasset" 186
"../../../Engine/Content/EngineMaterials/BaseFlattenMaterial.uasset" 187
"../../../Engine/Content/EngineMaterials/BlueNoise.uasset" 188
"../../../Engine/Content/EngineMaterials/DefaultBloomKernel.uasset" 189
"../../../Engine/Content/EngineMaterials/DefaultBokeh.uasset" 190
"../../../Engine/Content/EngineMaterials/DefaultDiffuse.uasset" 191
"../../../Engine/Content/EngineMaterials/DefaultDeferredDecalMaterial.uasset" 192
"../../../Engine/Content/EngineMaterials/DefaultLightFunctionMaterial.uasset" 193
"../../../Engine/Content/EngineMaterials/DefaultPhysicalMaterial.uasset" 194
"../../../Engine/Content/Functions/Engine_MaterialFunctions02/Utility/BreakOutFloat2Components.uasset" 195
"../../../Engine/Content/EngineMaterials/DefaultPostProcessMaterial.uasset" 196
"../../../Engine/Content/EngineFonts/RobotoDistanceField.uasset" 197
"../../../Engine/Content/EngineMaterials/DefaultTextMaterialOpaque.uasset" 198
"../../../Engine/Content/EngineMaterials/DefaultWhiteGrid.uasset" 199
"../../../Engine/Content/EngineMaterials/DefaultWhiteGrid_Low.uasset" 200
"../../../Engine/Content/EngineMaterials/EmissiveMeshMaterial.uasset" 201
"../../../Engine/Content/EngineMaterials/GizmoMaterial.uasset" 202
"../../../Engine/Content/EngineMaterials/Good64x64TilingNoiseHighFreq.uasset" 203
"../../../Engine/Content/EngineMaterials/MiniFont.uasset" 204
"../../../Engine/Content/EngineMaterials/InvalidLightmapSettings.uasset" 205
"../../../Engine/Content/EngineMaterials/M_InvalidLightmapSettings.uasset" 206
"../../../Engine/Content/Functions/Engine_MaterialFunctions02/WorldPositionOffset/CameraOffset.uasset" 207
"../../../Engine/Content/EngineMaterials/PhAT_JointLimitMaterial.uasset" 208
"../../../Engine/Content/EngineMaterials/PreintegratedSkinBRDF.uasset" 209
"../../../Engine/Content/EngineMaterials/RemoveSurfaceMaterial.uasset" 210
"../../../Engine/Content/EngineMaterials/WeightMapPlaceholderTexture.uasset" 211
"../../../Engine/Content/EngineResources/WhiteSquareTexture.uasset" 212
"../../../Engine/Content/EngineMaterials/Widget3DPassThrough.uasset" 213
"../../../Engine/Content/EngineMaterials/Widget3DPassThrough_Masked.uasset" 214
"../../../Engine/Content/EngineMaterials/Widget3DPassThrough_Opaque.uasset" 215
"../../../Engine/Content/EngineMaterials/Widget3DPassThrough_Masked_OneSided.uasset" 216
"../../../Engine/Content/EngineMaterials/Widget3DPassThrough_Opaque_OneSided.uasset" 217
"../../../Engine/Content/EngineMaterials/Widget3DPassThrough_Translucent.uasset" 218
"../../../Engine/Content/EngineMaterials/Widget3DPassThrough_Translucent_OneSided.uasset" 219
"../../../Engine/Content/EngineMeshes/Cylinder.uasset" 220
"../../../Engine/Content/EngineMeshes/Sphere.uasset" 221
"../../../Engine/Content/EngineResources/Black.uasset" 222
"../../../Engine/Content/EngineResources/DefaultTextureCube.uasset" 223
"../../../Engine/Content/EngineResources/DefaultVolumeTexture2D.uasset" 224
"../../../Engine/Content/EngineResources/DefaultVolumeTexture.uasset" 225
"../../../Engine/Content/EngineResources/GradientTexture0.uasset" 226
"../../../Engine/Content/EngineSky/VolumetricClouds/T_NoiseShape64.uasset" 227
"../../../Engine/Content/EngineSky/VolumetricClouds/T_VolumeNoiseShape64.uasset" 228
"../../../Engine/Content/EngineSky/VolumetricClouds/T_NoiseErosion.uasset" 229
"../../../Engine/Content/EngineSky/VolumetricClouds/T_VolumeNoiseErosion32.uasset" 230
"../../../Engine/Content/Functions/Engine_MaterialFunctions02/Utility/MakeFloat2.uasset" 231
"../../../Engine/Content/EngineSky/VolumetricClouds/CloudWeatherTexture.uasset" 232
"../../../Engine/Content/EngineSky/VolumetricClouds/CloudGradientTexture.uasset" 233
"../../../Engine/Content/EngineSky/VolumetricClouds/m_SimpleVolumetricCloud.uasset" 234
"../../../Engine/Content/EngineSky/VolumetricClouds/m_SimpleVolumetricCloud_Inst.uasset" 235
"../../../Engine/Content/EngineSounds/Master.uasset" 236
"../../../Engine/Content/Functions/Engine_MaterialFunctions01/Shading/PowerToRoughness.uasset" 237
"../../../Engine/Content/Maps/Templates/Thumbnails/Default.uasset" 238
"../../../Engine/Content/Maps/Templates/Thumbnails/TimeOfDay.uasset" 239
"../../../Engine/Content/Maps/Templates/Thumbnails/VR-Basic.uasset" 240
"../../../Engine/Content/MobileResources/T_MobileControls_texture.uasset" 241
"../../../Engine/Content/MobileResources/T_MobileMenu2.uasset" 242
"../../../Engine/Content/MobileResources/HUD/AnalogHat.uasset" 243
"../../../Engine/Content/MobileResources/HUD/VirtualJoystick_Thumb.uasset" 244
"../../../Engine/Content/MobileResources/HUD/VirtualJoystick_Background.uasset" 245
"../../../Engine/Content/MobileResources/HUD/DefaultVirtualJoysticks.uasset" 246
"../../../Engine/Content/MobileResources/HUD/LeftVirtualJoystickOnly.uasset" 247
"../../../Engine/Content/MobileResources/HUD/MobileHUDButton1_off.uasset" 248
"../../../Engine/Content/MobileResources/HUD/MobileHUDButton1_on.uasset" 249
"../../../Engine/Content/MobileResources/HUD/MobileHUDButton2_off.uasset" 250
"../../../Engine/Content/MobileResources/HUD/MobileHUDButton2_on.uasset" 251
"../../../Engine/Content/MobileResources/HUD/MobileHUDButton3.uasset" 252
"../../../Engine/Content/MobileResources/HUD/MobileHUDButtonFire.uasset" 253
"../../../Engine/Content/MobileResources/HUD/MobileHUDDirectionPad.uasset" 254
"../../../Engine/Content/MobileResources/HUD/MobileHUDDirectionPad2.uasset" 255
"../../../Engine/Content/MobileResources/HUD/MobileHUDDirectionPad3.uasset" 256
"../../../Engine/Content/MobileResources/HUD/MobileHUDDirectionStick.uasset" 257
"../../../Engine/Content/MobileResources/HUD/T_Castle_ThumbstickInner.uasset" 258
"../../../Engine/Content/MobileResources/HUD/T_Castle_ThumbstickOutter.uasset" 259
"../../../Engine/Content/Tutorial/ContentIntroCurve.uasset" 260
"../../../Engine/Content/Tutorial/Basics/LevelEditorAttract.uasset" 261
"../../../Engine/Content/Tutorial/Basics/TutorialAssets/icon_tab_Levels_40x.uasset" 262
"../../../Engine/Content/Tutorial/Basics/LevelEditorOverview.uasset" 263
"../../../Engine/Content/Tutorial/Landscape/TutorialAssets/Landscape.uasset" 264
"../../../Engine/Content/Tutorial/Landscape/LandscapeWalkThrough.uasset" 265
"../../../Engine/Content/Tutorial/Landscape/Landscape_Manage_Mode.uasset" 266
"../../../Engine/Content/Tutorial/Landscape/Landscape_Painting_Mode.uasset" 267
"../../../Engine/Content/Tutorial/Landscape/Landscape_Sculpt_Mode.uasset" 268
"../../../Engine/Content/VREditor/TransformGizmo/TranslucentTransformGizmoMaterial.uasset" 269
"../../../Engine/Content/VREditor/LaserPointer/VR_LaserPower_01.uasset" 270
"../../../Engine/Content/VREditor/TransformGizmo/TransformGizmoMaterial.uasset" 271
"../../../Engine/Content/VREditor/TransformGizmo/BoundingBoxCorner.uasset" 272
"../../../Engine/Content/VREditor/TransformGizmo/BoundingBoxEdge.uasset" 273
"../../../Engine/Content/VREditor/TransformGizmo/PlaneTranslationHandle.uasset" 274
"../../../Engine/Content/VREditor/TransformGizmo/Xray.uasset" 275
"../../../Engine/Content/VREditor/TransformGizmo/Main.uasset" 276
"../../../Engine/Content/VREditor/TransformGizmo/SM_Sequencer_Key.uasset" 277
"../../../Engine/Content/VREditor/TransformGizmo/SM_Sequencer_Node.uasset" 278
"../../Plugins/2D/Paper2D/Content/PlaceholderTextures/DummySpriteTexture.uasset" 279
"../../Plugins/2D/Paper2D/Content/DummySprite.uasset" 280
"../../Plugins/2D/Paper2D/Content/DefaultPaperTerrainMaterial.uasset" 281
"../../Plugins/2D/Paper2D/Content/DefaultSpriteMaterial.uasset" 282
"../../Plugins/2D/Paper2D/Content/MaskedUnlitSpriteMaterial.uasset" 283
"../../Plugins/2D/Paper2D/Content/OpaqueUnlitSpriteMaterial.uasset" 284
"../../../Engine/Content/Functions/Engine_MaterialFunctions02/ObjectLocalBounds.uasset" 285
"../../../Engine/Content/Functions/Engine_MaterialFunctions02/Utility/BreakOutFloat3Components.uasset" 286
"../../Plugins/Editor/SpeedTreeImporter/Content/SpeedTree9/UnpackInteger3.uasset" 287
"../../Plugins/Editor/SpeedTreeImporter/Content/SpeedTree9/UnpackDirection.uasset" 288
"../../Plugins/Editor/SpeedTreeImporter/Content/SpeedTree9/game_wind_noise.uasset" 289
"../../../Engine/Content/Functions/Engine_MaterialFunctions02/SafeNormalize.uasset" 290
"../../Plugins/Editor/SpeedTreeImporter/Content/SpeedTree9/SpeedTreeWindMotion.uasset" 291
"../../Plugins/Editor/SpeedTreeImporter/Content/SpeedTree9/SpeedTreeBranchMotion.uasset" 292
"../../../Engine/Content/Functions/Engine_MaterialFunctions02/UVs/BoundingBoxBased_0-1_UVW.uasset" 293
"../../Plugins/Editor/SpeedTreeImporter/Content/SpeedTree9/SpeedTreeWind.uasset" 294
"../../Plugins/Editor/SpeedTreeImporter/Content/SpeedTree9/SpeedTreeBillboard.uasset" 295
"../../../Engine/Content/EngineResources/DefaultTexture.uasset" 296
"../../Plugins/Editor/SpeedTreeImporter/Content/SpeedTree9/SpeedTreeBillboardMaster.uasset" 297
"../../Plugins/Editor/SpeedTreeImporter/Content/SpeedTree9/SpeedTreeCameraFacing.uasset" 298
"../../Plugins/Editor/SpeedTreeImporter/Content/SpeedTree9/SpeedTreeMaster.uasset" 299
"../../../Engine/Content/BasicShapes/Cylinder.uasset" 300
"../../../Engine/Content/ArtTools/RenderToTexture/Materials/Debug/M_Emissive_Color.uasset" 301
"../../Plugins/Lumin/MagicLeapPassableWorld/Content/MagicLeapARPinInfoActor.uasset" 302
"../../../Engine/Content/Functions/Engine_MaterialFunctions02/Utility/MakeFloat3.uasset" 303
"../../../Engine/Content/Functions/Engine_MaterialFunctions02/Utility/BreakOutFloat4Components.uasset" 304
"../../Plugins/Runtime/Oculus/OculusVR/Content/Materials/OculusMR_ChromaKey.uasset" 305
"../../Plugins/Runtime/Oculus/OculusVR/Content/Materials/OculusMR_OpaqueColoredMaterial.uasset" 306
"../../Plugins/Runtime/Oculus/OculusVR/Content/Materials/PokeAHoleMaterial.uasset" 307
"../../../../../../Users/andre/Perforce/Andrew.Boulanger_homePC/Andrew.Boulanger/QBert/Content/sounds/Qbert_Menu_music.uasset" 308
"../../../../../../Users/andre/Perforce/Andrew.Boulanger_homePC/Andrew.Boulanger/QBert/Content/sprites/Arcade_-_QBert_-_General_Sprites_Sprite_Sprite_0.uasset" 309
"../../../../../../Users/andre/Perforce/Andrew.Boulanger_homePC/Andrew.Boulanger/QBert/Content/blueprints/Score_line.uasset" 310
"../../../../../../Users/andre/Perforce/Andrew.Boulanger_homePC/Andrew.Boulanger/QBert/Content/blueprints/LeaderBoard_widget.uasset" 311
"../../../../../../Users/andre/Perforce/Andrew.Boulanger_homePC/Andrew.Boulanger/QBert/Content/blueprints/MainMenu_widget.uasset" 312
"../../../../../../Users/andre/Perforce/Andrew.Boulanger_homePC/Andrew.Boulanger/QBert/Content/maps/MainMenu_BuiltData.uasset" 313
"../../../../../../Users/andre/Perforce/Andrew.Boulanger_homePC/Andrew.Boulanger/QBert/Content/maps/MainMenu.umap" 314
"../../../../../../Users/andre/Perforce/Andrew.Boulanger_homePC/Andrew.Boulanger/QBert/Content/blueprints/Pause_widget.uasset" 315
"../../../../../../Users/andre/Perforce/Andrew.Boulanger_homePC/Andrew.Boulanger/QBert/Content/maps/QbertLevel_BuiltData.uasset" 316
"../../../../../../Users/andre/Perforce/Andrew.Boulanger_homePC/Andrew.Boulanger/QBert/Content/blueprints/CameraActor_Blueprint.uasset" 317
"../../../../../../Users/andre/Perforce/Andrew.Boulanger_homePC/Andrew.Boulanger/QBert/Content/sprites/rotating.uasset" 318
"../../../../../../Users/andre/Perforce/Andrew.Boulanger_homePC/Andrew.Boulanger/QBert/Content/sprites/ElevatorSprite.uasset" 319
"../../../../../../Users/andre/Perforce/Andrew.Boulanger_homePC/Andrew.Boulanger/QBert/Content/sounds/liftSound.uasset" 320
"../../../Engine/Content/Engine_MI_Shaders/T_Reflection.uasset" 321
"../../../Engine/Content/Engine_MI_Shaders/M_Shader_SimpleTranslucent.uasset" 322
"../../../Engine/Content/Engine_MI_Shaders/T_Emissive.uasset" 323
"../../../Engine/Content/Engine_MI_Shaders/Instances/M_Shader_SimpleTranslucent_Invis.uasset" 324
"../../../../../../Users/andre/Perforce/Andrew.Boulanger_homePC/Andrew.Boulanger/QBert/Content/blueprints/Elevator_Blueprint.uasset" 325
"../../../../../../Users/andre/Perforce/Andrew.Boulanger_homePC/Andrew.Boulanger/QBert/Content/maps/QbertLevel.umap" 326
"../../../Engine/Content/Maps/Entry_BuiltData.uasset" 327
"../../../Engine/Content/Maps/Entry.umap" 328
